[debug] [2021-08-25T09:54:52.869Z] ----------------------------------------------------------------------
[debug] [2021-08-25T09:54:52.871Z] Command:       C:\Program Files\nodejs\node.exe C:\Users\VTC\AppData\Roaming\npm\node_modules\firebase-tools\lib\bin\firebase.js deploy --only hosting:goth-testing
[debug] [2021-08-25T09:54:52.871Z] CLI Version:   9.16.5
[debug] [2021-08-25T09:54:52.871Z] Platform:      win32
[debug] [2021-08-25T09:54:52.872Z] Node Version:  v16.4.0
[debug] [2021-08-25T09:54:52.875Z] Time:          Wed Aug 25 2021 17:54:52 GMT+0800 (Malaysia Time)
[debug] [2021-08-25T09:54:52.875Z] ----------------------------------------------------------------------
[debug] 
[debug] [2021-08-25T09:54:52.878Z] >>> [apiv2][query] GET https://firebase-public.firebaseio.com/cli.json [none]
[debug] [2021-08-25T09:54:52.967Z] > command requires scopes: ["email","openid","https://www.googleapis.com/auth/cloudplatformprojects.readonly","https://www.googleapis.com/auth/firebase","https://www.googleapis.com/auth/cloud-platform"]
[debug] [2021-08-25T09:54:52.967Z] > authorizing via signed-in user (hahaha13144@gmail.com)
[debug] [2021-08-25T09:54:52.967Z] [iam] checking project testing-7662b for permissions ["firebase.projects.get","firebasehosting.sites.update"]
[debug] [2021-08-25T09:54:52.969Z] > refreshing access token with scopes: ["email","https://www.googleapis.com/auth/cloud-platform","https://www.googleapis.com/auth/cloudplatformprojects.readonly","https://www.googleapis.com/auth/firebase","openid"]
[debug] [2021-08-25T09:54:52.969Z] >>> HTTP REQUEST POST https://www.googleapis.com/oauth2/v3/token  
 <request body omitted>
[debug] [2021-08-25T09:54:53.072Z] <<< HTTP RESPONSE 200 {"pragma":"no-cache","expires":"Mon, 01 Jan 1990 00:00:00 GMT","cache-control":"no-cache, no-store, max-age=0, must-revalidate","date":"Wed, 25 Aug 2021 09:54:53 GMT","content-type":"application/json; charset=utf-8","vary":"X-Origin, Referer, Origin,Accept-Encoding","server":"scaffolding on HTTPServer2","x-xss-protection":"0","x-frame-options":"SAMEORIGIN","x-content-type-options":"nosniff","alt-svc":"h3=\":443\"; ma=2592000,h3-29=\":443\"; ma=2592000,h3-T051=\":443\"; ma=2592000,h3-Q050=\":443\"; ma=2592000,h3-Q046=\":443\"; ma=2592000,h3-Q043=\":443\"; ma=2592000,quic=\":443\"; ma=2592000; v=\"46,43\"","accept-ranges":"none","transfer-encoding":"chunked"}
[debug] [2021-08-25T09:54:53.090Z] >>> HTTP REQUEST POST https://cloudresourcemanager.googleapis.com/v1/projects/testing-7662b:testIamPermissions  
 {"permissions":["firebase.projects.get","firebasehosting.sites.update"]}
[debug] [2021-08-25T09:54:53.684Z] <<< [apiv2][status] GET https://firebase-public.firebaseio.com/cli.json 200
[debug] [2021-08-25T09:54:53.685Z] <<< [apiv2][body] GET https://firebase-public.firebaseio.com/cli.json {"cloudBuildErrorAfter":1594252800000,"cloudBuildWarnAfter":1590019200000,"defaultNode10After":1594252800000,"minVersion":"3.0.5","node8DeploysDisabledAfter":1613390400000,"node8RuntimeDisabledAfter":1615809600000,"node8WarnAfter":1600128000000}
[debug] [2021-08-25T09:54:54.295Z] <<< HTTP RESPONSE 200 {"content-type":"application/json; charset=UTF-8","vary":"X-Origin, Referer, Origin,Accept-Encoding","date":"Wed, 25 Aug 2021 09:54:54 GMT","server":"ESF","cache-control":"private","x-xss-protection":"0","x-frame-options":"SAMEORIGIN","x-content-type-options":"nosniff","server-timing":"gfet4t7; dur=1149","alt-svc":"h3=\":443\"; ma=2592000,h3-29=\":443\"; ma=2592000,h3-T051=\":443\"; ma=2592000,h3-Q050=\":443\"; ma=2592000,h3-Q046=\":443\"; ma=2592000,h3-Q043=\":443\"; ma=2592000,quic=\":443\"; ma=2592000; v=\"46,43\"","accept-ranges":"none","transfer-encoding":"chunked"}
[debug] [2021-08-25T09:54:54.296Z] [iam] error while checking permissions, command may fail: FirebaseError: Authorization failed. This account is missing the following required permissions on project testing-7662b:

  firebase.projects.get
  firebasehosting.sites.update
[debug] [2021-08-25T09:54:54.296Z] > refreshing access token with scopes: []
[debug] [2021-08-25T09:54:54.297Z] >>> HTTP REQUEST POST https://www.googleapis.com/oauth2/v3/token  
 <request body omitted>
[debug] [2021-08-25T09:54:54.402Z] <<< HTTP RESPONSE 200 {"pragma":"no-cache","date":"Wed, 25 Aug 2021 09:54:54 GMT","cache-control":"no-cache, no-store, max-age=0, must-revalidate","expires":"Mon, 01 Jan 1990 00:00:00 GMT","content-type":"application/json; charset=utf-8","vary":"X-Origin, Referer, Origin,Accept-Encoding","server":"scaffolding on HTTPServer2","x-xss-protection":"0","x-frame-options":"SAMEORIGIN","x-content-type-options":"nosniff","alt-svc":"h3=\":443\"; ma=2592000,h3-29=\":443\"; ma=2592000,h3-T051=\":443\"; ma=2592000,h3-Q050=\":443\"; ma=2592000,h3-Q046=\":443\"; ma=2592000,h3-Q043=\":443\"; ma=2592000,quic=\":443\"; ma=2592000; v=\"46,43\"","accept-ranges":"none","transfer-encoding":"chunked"}
[debug] [2021-08-25T09:54:54.425Z] >>> [apiv2][query] GET https://firebase.googleapis.com/v1beta1/projects/testing-7662b [none]
[debug] [2021-08-25T09:54:54.864Z] <<< [apiv2][status] GET https://firebase.googleapis.com/v1beta1/projects/testing-7662b 403
[debug] [2021-08-25T09:54:54.864Z] <<< [apiv2][body] GET https://firebase.googleapis.com/v1beta1/projects/testing-7662b {"error":{"code":403,"message":"The caller does not have permission","status":"PERMISSION_DENIED"}}
[debug] [2021-08-25T09:54:54.867Z] HTTP Error: 403, The caller does not have permission
[debug] [2021-08-25T09:54:54.953Z] FirebaseError: HTTP Error: 403, The caller does not have permission
    at module.exports (C:\Users\VTC\AppData\Roaming\npm\node_modules\firebase-tools\lib\responseToError.js:38:12)
    at Client.doRequest (C:\Users\VTC\AppData\Roaming\npm\node_modules\firebase-tools\lib\apiv2.js:238:23)
    at processTicksAndRejections (node:internal/process/task_queues:96:5)
    at async Client.request (C:\Users\VTC\AppData\Roaming\npm\node_modules\firebase-tools\lib\apiv2.js:96:20)
    at async Object.getFirebaseProject (C:\Users\VTC\AppData\Roaming\npm\node_modules\firebase-tools\lib\management\projects.js:290:21)
    at async Object.getDefaultHostingSite (C:\Users\VTC\AppData\Roaming\npm\node_modules\firebase-tools\lib\getDefaultHostingSite.js:8:21)
    at async requireHostingSite (C:\Users\VTC\AppData\Roaming\npm\node_modules\firebase-tools\lib\requireHostingSite.js:9:18)
    at async Object.fn (C:\Users\VTC\AppData\Roaming\npm\node_modules\firebase-tools\lib\commands\deploy.js:65:9)
    at async C:\Users\VTC\AppData\Roaming\npm\node_modules\firebase-tools\lib\command.js:182:17
[error] 
[error] Error: Failed to get Firebase project testing-7662b. Please make sure the project exists and your account has permission to access it.
[debug] [2021-08-25T09:55:08.677Z] ----------------------------------------------------------------------
[debug] [2021-08-25T09:55:08.679Z] Command:       C:\Program Files\nodejs\node.exe C:\Users\VTC\AppData\Roaming\npm\node_modules\firebase-tools\lib\bin\firebase.js deploy --only hosting:goth-testing
[debug] [2021-08-25T09:55:08.679Z] CLI Version:   9.16.5
[debug] [2021-08-25T09:55:08.679Z] Platform:      win32
[debug] [2021-08-25T09:55:08.680Z] Node Version:  v16.4.0
[debug] [2021-08-25T09:55:08.681Z] Time:          Wed Aug 25 2021 17:55:08 GMT+0800 (Malaysia Time)
[debug] [2021-08-25T09:55:08.681Z] ----------------------------------------------------------------------
[debug] 
[debug] [2021-08-25T09:55:08.742Z] > command requires scopes: ["email","openid","https://www.googleapis.com/auth/cloudplatformprojects.readonly","https://www.googleapis.com/auth/firebase","https://www.googleapis.com/auth/cloud-platform"]
[debug] [2021-08-25T09:55:08.742Z] > authorizing via signed-in user (hahaha13144@gmail.com)
[debug] [2021-08-25T09:55:08.742Z] [iam] checking project testing-7662b for permissions ["firebase.projects.get","firebasehosting.sites.update"]
[debug] [2021-08-25T09:55:08.745Z] > refreshing access token with scopes: ["email","https://www.googleapis.com/auth/cloud-platform","https://www.googleapis.com/auth/cloudplatformprojects.readonly","https://www.googleapis.com/auth/firebase","openid"]
[debug] [2021-08-25T09:55:08.745Z] >>> HTTP REQUEST POST https://www.googleapis.com/oauth2/v3/token  
 <request body omitted>
[debug] [2021-08-25T09:55:08.836Z] <<< HTTP RESPONSE 200 {"expires":"Mon, 01 Jan 1990 00:00:00 GMT","cache-control":"no-cache, no-store, max-age=0, must-revalidate","date":"Wed, 25 Aug 2021 09:55:09 GMT","pragma":"no-cache","content-type":"application/json; charset=utf-8","vary":"X-Origin, Referer, Origin,Accept-Encoding","server":"scaffolding on HTTPServer2","x-xss-protection":"0","x-frame-options":"SAMEORIGIN","x-content-type-options":"nosniff","alt-svc":"h3=\":443\"; ma=2592000,h3-29=\":443\"; ma=2592000,h3-T051=\":443\"; ma=2592000,h3-Q050=\":443\"; ma=2592000,h3-Q046=\":443\"; ma=2592000,h3-Q043=\":443\"; ma=2592000,quic=\":443\"; ma=2592000; v=\"46,43\"","accept-ranges":"none","transfer-encoding":"chunked"}
[debug] [2021-08-25T09:55:08.855Z] >>> HTTP REQUEST POST https://cloudresourcemanager.googleapis.com/v1/projects/testing-7662b:testIamPermissions  
 {"permissions":["firebase.projects.get","firebasehosting.sites.update"]}
[debug] [2021-08-25T09:55:10.095Z] <<< HTTP RESPONSE 200 {"content-type":"application/json; charset=UTF-8","vary":"X-Origin, Referer, Origin,Accept-Encoding","date":"Wed, 25 Aug 2021 09:55:10 GMT","server":"ESF","cache-control":"private","x-xss-protection":"0","x-frame-options":"SAMEORIGIN","x-content-type-options":"nosniff","server-timing":"gfet4t7; dur=1176","alt-svc":"h3=\":443\"; ma=2592000,h3-29=\":443\"; ma=2592000,h3-T051=\":443\"; ma=2592000,h3-Q050=\":443\"; ma=2592000,h3-Q046=\":443\"; ma=2592000,h3-Q043=\":443\"; ma=2592000,quic=\":443\"; ma=2592000; v=\"46,43\"","accept-ranges":"none","transfer-encoding":"chunked"}
[debug] [2021-08-25T09:55:10.098Z] [iam] error while checking permissions, command may fail: FirebaseError: Authorization failed. This account is missing the following required permissions on project testing-7662b:

  firebase.projects.get
  firebasehosting.sites.update
[debug] [2021-08-25T09:55:10.102Z] > refreshing access token with scopes: []
[debug] [2021-08-25T09:55:10.103Z] >>> HTTP REQUEST POST https://www.googleapis.com/oauth2/v3/token  
 <request body omitted>
[debug] [2021-08-25T09:55:10.213Z] <<< HTTP RESPONSE 200 {"pragma":"no-cache","cache-control":"no-cache, no-store, max-age=0, must-revalidate","date":"Wed, 25 Aug 2021 09:55:10 GMT","expires":"Mon, 01 Jan 1990 00:00:00 GMT","content-type":"application/json; charset=utf-8","vary":"X-Origin, Referer, Origin,Accept-Encoding","server":"scaffolding on HTTPServer2","x-xss-protection":"0","x-frame-options":"SAMEORIGIN","x-content-type-options":"nosniff","alt-svc":"h3=\":443\"; ma=2592000,h3-29=\":443\"; ma=2592000,h3-T051=\":443\"; ma=2592000,h3-Q050=\":443\"; ma=2592000,h3-Q046=\":443\"; ma=2592000,h3-Q043=\":443\"; ma=2592000,quic=\":443\"; ma=2592000; v=\"46,43\"","accept-ranges":"none","transfer-encoding":"chunked"}
[debug] [2021-08-25T09:55:10.244Z] >>> [apiv2][query] GET https://firebase.googleapis.com/v1beta1/projects/testing-7662b [none]
[debug] [2021-08-25T09:55:10.574Z] <<< [apiv2][status] GET https://firebase.googleapis.com/v1beta1/projects/testing-7662b 403
[debug] [2021-08-25T09:55:10.575Z] <<< [apiv2][body] GET https://firebase.googleapis.com/v1beta1/projects/testing-7662b {"error":{"code":403,"message":"The caller does not have permission","status":"PERMISSION_DENIED"}}
[debug] [2021-08-25T09:55:10.576Z] HTTP Error: 403, The caller does not have permission
[debug] [2021-08-25T09:55:10.655Z] FirebaseError: HTTP Error: 403, The caller does not have permission
    at module.exports (C:\Users\VTC\AppData\Roaming\npm\node_modules\firebase-tools\lib\responseToError.js:38:12)
    at Client.doRequest (C:\Users\VTC\AppData\Roaming\npm\node_modules\firebase-tools\lib\apiv2.js:238:23)
    at processTicksAndRejections (node:internal/process/task_queues:96:5)
    at async Client.request (C:\Users\VTC\AppData\Roaming\npm\node_modules\firebase-tools\lib\apiv2.js:96:20)
    at async Object.getFirebaseProject (C:\Users\VTC\AppData\Roaming\npm\node_modules\firebase-tools\lib\management\projects.js:290:21)
    at async Object.getDefaultHostingSite (C:\Users\VTC\AppData\Roaming\npm\node_modules\firebase-tools\lib\getDefaultHostingSite.js:8:21)
    at async requireHostingSite (C:\Users\VTC\AppData\Roaming\npm\node_modules\firebase-tools\lib\requireHostingSite.js:9:18)
    at async Object.fn (C:\Users\VTC\AppData\Roaming\npm\node_modules\firebase-tools\lib\commands\deploy.js:65:9)
    at async C:\Users\VTC\AppData\Roaming\npm\node_modules\firebase-tools\lib\command.js:182:17
[error] 
[error] Error: Failed to get Firebase project testing-7662b. Please make sure the project exists and your account has permission to access it.
